
  .   ____          _            __ _ _
 /\\ / ___'_ __ _ _(_)_ __  __ _ \ \ \ \
( ( )\___ | '_ | '_| | '_ \/ _` | \ \ \ \
 \\/  ___)| |_)| | | | | || (_| |  ) ) ) )
  '  |____| .__|_| |_|_| |_\__, | / / / /
 =========|_|==============|___/=/_/_/_/

 :: Spring Boot ::                (v3.3.4)

2025-08-26T06:54:49.644Z  INFO 4575 --- [train-tracker] [           main] c.t.api.TrainTrackerApplication          : Starting TrainTrackerApplication v0.0.1-SNAPSHOT using Java 21.0.7 with PID 4575 (/workspace/backend/target/backend-0.0.1-SNAPSHOT.jar started by ubuntu in /workspace/backend)
2025-08-26T06:54:49.646Z  INFO 4575 --- [train-tracker] [           main] c.t.api.TrainTrackerApplication          : The following 1 profile is active: "dev"
2025-08-26T06:54:50.338Z  INFO 4575 --- [train-tracker] [           main] .s.d.r.c.RepositoryConfigurationDelegate : Bootstrapping Spring Data JPA repositories in DEFAULT mode.
2025-08-26T06:54:50.351Z  INFO 4575 --- [train-tracker] [           main] .s.d.r.c.RepositoryConfigurationDelegate : Finished Spring Data repository scanning in 8 ms. Found 0 JPA repository interfaces.
2025-08-26T06:54:50.785Z  INFO 4575 --- [train-tracker] [           main] o.s.b.w.embedded.tomcat.TomcatWebServer  : Tomcat initialized with port 8080 (http)
2025-08-26T06:54:50.794Z  INFO 4575 --- [train-tracker] [           main] o.apache.catalina.core.StandardService   : Starting service [Tomcat]
2025-08-26T06:54:50.794Z  INFO 4575 --- [train-tracker] [           main] o.apache.catalina.core.StandardEngine    : Starting Servlet engine: [Apache Tomcat/10.1.30]
2025-08-26T06:54:50.812Z  INFO 4575 --- [train-tracker] [           main] o.a.c.c.C.[Tomcat].[localhost].[/]       : Initializing Spring embedded WebApplicationContext
2025-08-26T06:54:50.813Z  INFO 4575 --- [train-tracker] [           main] w.s.c.ServletWebServerApplicationContext : Root WebApplicationContext: initialization completed in 1122 ms
2025-08-26T06:54:50.889Z  INFO 4575 --- [train-tracker] [           main] com.zaxxer.hikari.HikariDataSource       : HikariPool-1 - Starting...
2025-08-26T06:54:51.056Z  INFO 4575 --- [train-tracker] [           main] com.zaxxer.hikari.pool.HikariPool        : HikariPool-1 - Added connection conn0: url=jdbc:h2:mem:traindb user=SA
2025-08-26T06:54:51.057Z  INFO 4575 --- [train-tracker] [           main] com.zaxxer.hikari.HikariDataSource       : HikariPool-1 - Start completed.
2025-08-26T06:54:51.065Z  INFO 4575 --- [train-tracker] [           main] o.s.b.a.h2.H2ConsoleAutoConfiguration    : H2 console available at '/h2-console'. Database available at 'jdbc:h2:mem:traindb'
2025-08-26T06:54:51.178Z  INFO 4575 --- [train-tracker] [           main] o.hibernate.jpa.internal.util.LogHelper  : HHH000204: Processing PersistenceUnitInfo [name: default]
2025-08-26T06:54:51.210Z  INFO 4575 --- [train-tracker] [           main] org.hibernate.Version                    : HHH000412: Hibernate ORM core version 6.5.3.Final
2025-08-26T06:54:51.233Z  INFO 4575 --- [train-tracker] [           main] o.h.c.internal.RegionFactoryInitiator    : HHH000026: Second-level cache disabled
2025-08-26T06:54:51.405Z  INFO 4575 --- [train-tracker] [           main] o.s.o.j.p.SpringPersistenceUnitInfo      : No LoadTimeWeaver setup: ignoring JPA class transformer
2025-08-26T06:54:51.633Z  INFO 4575 --- [train-tracker] [           main] o.h.e.t.j.p.i.JtaPlatformInitiator       : HHH000489: No JTA platform available (set 'hibernate.transaction.jta.platform' to enable JTA platform integration)
2025-08-26T06:54:51.636Z  INFO 4575 --- [train-tracker] [           main] j.LocalContainerEntityManagerFactoryBean : Initialized JPA EntityManagerFactory for persistence unit 'default'
2025-08-26T06:54:51.684Z  WARN 4575 --- [train-tracker] [           main] JpaBaseConfiguration$JpaWebConfiguration : spring.jpa.open-in-view is enabled by default. Therefore, database queries may be performed during view rendering. Explicitly configure spring.jpa.open-in-view to disable this warning
2025-08-26T06:54:52.091Z  INFO 4575 --- [train-tracker] [           main] o.s.b.a.e.web.EndpointLinksResolver      : Exposing 2 endpoints beneath base path '/actuator'
2025-08-26T06:54:52.137Z  INFO 4575 --- [train-tracker] [           main] o.s.b.w.embedded.tomcat.TomcatWebServer  : Tomcat started on port 8080 (http) with context path '/'
2025-08-26T06:54:52.147Z  INFO 4575 --- [train-tracker] [           main] c.t.api.TrainTrackerApplication          : Started TrainTrackerApplication in 2.765 seconds (process running for 3.054)
2025-08-26T06:54:53.161Z  INFO 4575 --- [train-tracker] [nio-8080-exec-1] o.a.c.c.C.[Tomcat].[localhost].[/]       : Initializing Spring DispatcherServlet 'dispatcherServlet'
2025-08-26T06:54:53.161Z  INFO 4575 --- [train-tracker] [nio-8080-exec-1] o.s.web.servlet.DispatcherServlet        : Initializing Servlet 'dispatcherServlet'
2025-08-26T06:54:53.162Z  INFO 4575 --- [train-tracker] [nio-8080-exec-1] o.s.web.servlet.DispatcherServlet        : Completed initialization in 1 ms
